  [1m[35m (180.2ms)[0m  [1m[35mCREATE DATABASE "first_rails_project_development" ENCODING = 'unicode'[0m
  ↳ bin/rails:9
  [1m[35m (74.0ms)[0m  [1m[35mCREATE DATABASE "first_rails_project_test" ENCODING = 'unicode'[0m
  ↳ bin/rails:9
Started GET "/" for ::1 at 2021-09-15 14:51:04 -0400
Processing by Rails::WelcomeController#index as HTML
  Rendering /Users/victorhe/.rbenv/versions/2.5.1/lib/ruby/gems/2.5.0/gems/railties-5.2.6/lib/rails/templates/rails/welcome/index.html.erb
  Rendered /Users/victorhe/.rbenv/versions/2.5.1/lib/ruby/gems/2.5.0/gems/railties-5.2.6/lib/rails/templates/rails/welcome/index.html.erb (3.3ms)
Completed 200 OK in 22ms (Views: 12.0ms | ActiveRecord: 0.0ms)


Started GET "/users" for ::1 at 2021-09-15 14:53:16 -0400

AbstractController::ActionNotFound - The action 'index' could not be found for UsersController:

Started GET "/users" for ::1 at 2021-09-15 14:55:24 -0400
Processing by UsersController#index as */*
No template found for UsersController#index, rendering head :no_content
Completed 204 No Content in 204ms (ActiveRecord: 0.0ms)


Started GET "/users" for ::1 at 2021-09-15 14:56:29 -0400
Processing by UsersController#index as */*
  Rendering text template
  Rendered text template (0.0ms)
Completed 200 OK in 4ms (Views: 3.9ms | ActiveRecord: 0.0ms)


Started GET "/users?admin=true" for ::1 at 2021-09-15 15:03:16 -0400
Processing by UsersController#index as */*
  Parameters: {"admin"=>"true"}
  Rendering text template
  Rendered text template (0.0ms)
Completed 200 OK in 1ms (Views: 0.7ms | ActiveRecord: 0.0ms)


Started GET "/users?fav_food=pizza" for ::1 at 2021-09-15 15:03:53 -0400
Processing by UsersController#index as */*
  Parameters: {"fav_food"=>"pizza"}
  Rendering text template
  Rendered text template (0.0ms)
Completed 200 OK in 1ms (Views: 0.5ms | ActiveRecord: 0.0ms)


Started POST "/users?=" for ::1 at 2021-09-15 15:05:24 -0400

AbstractController::ActionNotFound - The action 'create' could not be found for UsersController:

Started POST "/users?=" for ::1 at 2021-09-15 15:08:46 -0400
Processing by UsersController#create as */*
  Parameters: {"text/plain"=>["\"pizza\"", "", ""]}
Completed 200 OK in 2ms (Views: 1.8ms | ActiveRecord: 0.0ms)


Started POST "/users?=" for ::1 at 2021-09-15 15:08:53 -0400
Processing by UsersController#create as */*
  Parameters: {"text/plain"=>["\"pizza\""]}
Completed 200 OK in 0ms (Views: 0.2ms | ActiveRecord: 0.0ms)


Started POST "/users?=" for ::1 at 2021-09-15 15:09:17 -0400
Processing by UsersController#create as */*
  Parameters: {"fav_food"=>"pizza"}
Completed 200 OK in 1ms (Views: 0.2ms | ActiveRecord: 0.0ms)


Started GET "/users/2" for ::1 at 2021-09-15 15:11:21 -0400

AbstractController::ActionNotFound - The action 'show' could not be found for UsersController:

Started GET "/users/2" for ::1 at 2021-09-15 15:11:59 -0400
Processing by UsersController#show as */*
  Parameters: {"id"=>"2"}
Completed 200 OK in 1ms (Views: 0.2ms | ActiveRecord: 0.0ms)


Started GET "//users?some_category[a_key]=another+value&some_category[a_second_key]=yet+another+value" for ::1 at 2021-09-15 15:14:33 -0400
Processing by UsersController#index as */*
  Parameters: {"some_category"=>{"a_key"=>"another value", "a_second_key"=>"yet another value"}, "something_else"=>"'ahhhhh'"}
  Rendering text template
  Rendered text template (0.0ms)
Completed 200 OK in 1ms (Views: 0.6ms | ActiveRecord: 0.0ms)


Started GET "//users?some_category[a_key]=another+value&some_category[a_second_key]=yet+another+value" for ::1 at 2021-09-15 15:18:30 -0400
Processing by UsersController#index as */*
  Parameters: {"some_category"=>{"a_key"=>"another value", "a_second_key"=>"yet another value"}, "something_else"=>"'ahhhhh'"}
  Rendering text template
  Rendered text template (0.0ms)
Completed 200 OK in 1ms (Views: 0.3ms | ActiveRecord: 0.0ms)


  [1m[35m (34.4ms)[0m  [1m[35mCREATE TABLE "schema_migrations" ("version" character varying NOT NULL PRIMARY KEY)[0m
  ↳ bin/rails:9
  [1m[35m (4.2ms)[0m  [1m[35mCREATE TABLE "ar_internal_metadata" ("key" character varying NOT NULL PRIMARY KEY, "value" character varying, "created_at" timestamp NOT NULL, "updated_at" timestamp NOT NULL)[0m
  ↳ bin/rails:9
  [1m[35m (0.5ms)[0m  [1m[34mSELECT pg_try_advisory_lock(2889660881594486055)[0m
  ↳ bin/rails:9
  [1m[35m (1.0ms)[0m  [1m[34mSELECT "schema_migrations"."version" FROM "schema_migrations" ORDER BY "schema_migrations"."version" ASC[0m
  ↳ bin/rails:9
Migrating to CreateUsers (20210915192237)
  [1m[35m (0.1ms)[0m  [1m[35mBEGIN[0m
  ↳ bin/rails:9
  [1m[35m (11.0ms)[0m  [1m[35mCREATE TABLE "users" ("id" bigserial primary key, "name" character varying NOT NULL, "email" character varying NOT NULL)[0m
  ↳ db/migrate/20210915192237_create_users.rb:3
  [1m[36mActiveRecord::SchemaMigration Create (3.3ms)[0m  [1m[32mINSERT INTO "schema_migrations" ("version") VALUES ($1) RETURNING "version"[0m  [["version", "20210915192237"]]
  ↳ bin/rails:9
  [1m[35m (0.4ms)[0m  [1m[35mCOMMIT[0m
  ↳ bin/rails:9
  [1m[36mActiveRecord::InternalMetadata Load (0.3ms)[0m  [1m[34mSELECT  "ar_internal_metadata".* FROM "ar_internal_metadata" WHERE "ar_internal_metadata"."key" = $1 LIMIT $2[0m  [["key", "environment"], ["LIMIT", 1]]
  ↳ bin/rails:9
  [1m[35m (0.2ms)[0m  [1m[35mBEGIN[0m
  ↳ bin/rails:9
  [1m[36mActiveRecord::InternalMetadata Create (1.7ms)[0m  [1m[32mINSERT INTO "ar_internal_metadata" ("key", "value", "created_at", "updated_at") VALUES ($1, $2, $3, $4) RETURNING "key"[0m  [["key", "environment"], ["value", "development"], ["created_at", "2021-09-15 19:23:57.102509"], ["updated_at", "2021-09-15 19:23:57.102509"]]
  ↳ bin/rails:9
  [1m[35m (0.2ms)[0m  [1m[35mCOMMIT[0m
  ↳ bin/rails:9
  [1m[35m (0.3ms)[0m  [1m[34mSELECT pg_advisory_unlock(2889660881594486055)[0m
  ↳ bin/rails:9
  [1m[35m (0.7ms)[0m  [1m[34mSELECT "schema_migrations"."version" FROM "schema_migrations" ORDER BY "schema_migrations"."version" ASC[0m
  ↳ bin/rails:9
  [1m[35m (0.1ms)[0m  [1m[34mSELECT pg_try_advisory_lock(2889660881594486055)[0m
  ↳ bin/rails:9
  [1m[35m (0.7ms)[0m  [1m[34mSELECT "schema_migrations"."version" FROM "schema_migrations" ORDER BY "schema_migrations"."version" ASC[0m
  ↳ bin/rails:9
Migrating to AddTimestampsToUsers (20210915192431)
  [1m[35m (0.1ms)[0m  [1m[35mBEGIN[0m
  ↳ bin/rails:9
  [1m[35m (6.6ms)[0m  [1m[35mALTER TABLE "users" ADD "created_at" timestamp NOT NULL[0m
  ↳ db/migrate/20210915192431_add_timestamps_to_users.rb:3
  [1m[35m (0.3ms)[0m  [1m[35mALTER TABLE "users" ADD "updated_at" timestamp NOT NULL[0m
  ↳ db/migrate/20210915192431_add_timestamps_to_users.rb:3
  [1m[36mActiveRecord::SchemaMigration Create (0.7ms)[0m  [1m[32mINSERT INTO "schema_migrations" ("version") VALUES ($1) RETURNING "version"[0m  [["version", "20210915192431"]]
  ↳ bin/rails:9
  [1m[35m (0.4ms)[0m  [1m[35mCOMMIT[0m
  ↳ bin/rails:9
  [1m[36mActiveRecord::InternalMetadata Load (3.0ms)[0m  [1m[34mSELECT  "ar_internal_metadata".* FROM "ar_internal_metadata" WHERE "ar_internal_metadata"."key" = $1 LIMIT $2[0m  [["key", "environment"], ["LIMIT", 1]]
  ↳ bin/rails:9
  [1m[35m (0.2ms)[0m  [1m[35mBEGIN[0m
  ↳ bin/rails:9
  [1m[35m (2.9ms)[0m  [1m[35mCOMMIT[0m
  ↳ bin/rails:9
  [1m[35m (0.3ms)[0m  [1m[34mSELECT pg_advisory_unlock(2889660881594486055)[0m
  ↳ bin/rails:9
  [1m[35m (0.2ms)[0m  [1m[34mSELECT "schema_migrations"."version" FROM "schema_migrations" ORDER BY "schema_migrations"."version" ASC[0m
  ↳ bin/rails:9
  [1m[35m (0.8ms)[0m  [1m[34mSELECT "schema_migrations"."version" FROM "schema_migrations" ORDER BY "schema_migrations"."version" ASC[0m
  ↳ /Users/victorhe/.rbenv/versions/2.5.1/bin/annotate:23
  [1m[35m (1.4ms)[0m  [1m[34mSELECT "schema_migrations"."version" FROM "schema_migrations" ORDER BY "schema_migrations"."version" ASC[0m
  ↳ /Users/victorhe/.rbenv/versions/2.5.1/bin/annotate:23
  [1m[35m (453.2ms)[0m  [1m[35mCREATE DATABASE "first_rails_project_development" ENCODING = 'unicode'[0m
  ↳ bin/rails:9
  [1m[35m (309.7ms)[0m  [1m[35mCREATE DATABASE "first_rails_project_test" ENCODING = 'unicode'[0m
  ↳ bin/rails:9
  [1m[35m (60.3ms)[0m  [1m[35mCREATE TABLE "schema_migrations" ("version" character varying NOT NULL PRIMARY KEY)[0m
  ↳ bin/rails:9
  [1m[35m (5.7ms)[0m  [1m[35mCREATE TABLE "ar_internal_metadata" ("key" character varying NOT NULL PRIMARY KEY, "value" character varying, "created_at" timestamp NOT NULL, "updated_at" timestamp NOT NULL)[0m
  ↳ bin/rails:9
  [1m[35m (0.9ms)[0m  [1m[34mSELECT pg_try_advisory_lock(2889660881594486055)[0m
  ↳ bin/rails:9
  [1m[35m (2.7ms)[0m  [1m[34mSELECT "schema_migrations"."version" FROM "schema_migrations" ORDER BY "schema_migrations"."version" ASC[0m
  ↳ bin/rails:9
Migrating to CreateUsers (20210915192237)
  [1m[35m (0.3ms)[0m  [1m[35mBEGIN[0m
  ↳ bin/rails:9
  [1m[35m (25.3ms)[0m  [1m[35mCREATE TABLE "users" ("id" bigserial primary key, "name" character varying NOT NULL, "email" character varying NOT NULL)[0m
  ↳ db/migrate/20210915192237_create_users.rb:3
  [1m[36mActiveRecord::SchemaMigration Create (22.2ms)[0m  [1m[32mINSERT INTO "schema_migrations" ("version") VALUES ($1) RETURNING "version"[0m  [["version", "20210915192237"]]
  ↳ bin/rails:9
  [1m[35m (1.2ms)[0m  [1m[35mCOMMIT[0m
  ↳ bin/rails:9
Migrating to AddTimestampsToUsers (20210915192431)
  [1m[35m (4.5ms)[0m  [1m[35mBEGIN[0m
  ↳ bin/rails:9
  [1m[35m (13.3ms)[0m  [1m[35mALTER TABLE "users" ADD "created_at" timestamp NOT NULL[0m
  ↳ db/migrate/20210915192431_add_timestamps_to_users.rb:3
  [1m[35m (1.7ms)[0m  [1m[35mALTER TABLE "users" ADD "updated_at" timestamp NOT NULL[0m
  ↳ db/migrate/20210915192431_add_timestamps_to_users.rb:3
  [1m[36mActiveRecord::SchemaMigration Create (2.7ms)[0m  [1m[32mINSERT INTO "schema_migrations" ("version") VALUES ($1) RETURNING "version"[0m  [["version", "20210915192431"]]
  ↳ bin/rails:9
  [1m[35m (2.7ms)[0m  [1m[35mCOMMIT[0m
  ↳ bin/rails:9
  [1m[36mActiveRecord::InternalMetadata Load (3.4ms)[0m  [1m[34mSELECT  "ar_internal_metadata".* FROM "ar_internal_metadata" WHERE "ar_internal_metadata"."key" = $1 LIMIT $2[0m  [["key", "environment"], ["LIMIT", 1]]
  ↳ bin/rails:9
  [1m[35m (0.8ms)[0m  [1m[35mBEGIN[0m
  ↳ bin/rails:9
  [1m[36mActiveRecord::InternalMetadata Create (3.7ms)[0m  [1m[32mINSERT INTO "ar_internal_metadata" ("key", "value", "created_at", "updated_at") VALUES ($1, $2, $3, $4) RETURNING "key"[0m  [["key", "environment"], ["value", "development"], ["created_at", "2021-09-15 19:38:48.213349"], ["updated_at", "2021-09-15 19:38:48.213349"]]
  ↳ bin/rails:9
  [1m[35m (1.2ms)[0m  [1m[35mCOMMIT[0m
  ↳ bin/rails:9
  [1m[35m (0.7ms)[0m  [1m[34mSELECT pg_advisory_unlock(2889660881594486055)[0m
  ↳ bin/rails:9
  [1m[35m (3.3ms)[0m  [1m[34mSELECT "schema_migrations"."version" FROM "schema_migrations" ORDER BY "schema_migrations"."version" ASC[0m
  ↳ bin/rails:9
  [1m[36mUser Load (9.1ms)[0m  [1m[34mSELECT "users".* FROM "users"[0m
  [1m[35m (2.1ms)[0m  [1m[35mBEGIN[0m
  [1m[36mUser Create (5.5ms)[0m  [1m[32mINSERT INTO "users" ("name", "email", "created_at", "updated_at") VALUES ($1, $2, $3, $4) RETURNING "id"[0m  [["name", "Vic"], ["email", "victorhe97@gmail.com"], ["created_at", "2021-09-15 19:40:45.315945"], ["updated_at", "2021-09-15 19:40:45.315945"]]
  [1m[35m (5.1ms)[0m  [1m[35mCOMMIT[0m
  [1m[36mUser Load (9.3ms)[0m  [1m[34mSELECT "users".* FROM "users"[0m
  [1m[35m (1.5ms)[0m  [1m[35mBEGIN[0m
  [1m[36mUser Create (1.7ms)[0m  [1m[32mINSERT INTO "users" ("name", "email", "created_at", "updated_at") VALUES ($1, $2, $3, $4) RETURNING "id"[0m  [["name", "Pierre"], ["email", "pnavarin@gmail.com"], ["created_at", "2021-09-15 19:40:57.196213"], ["updated_at", "2021-09-15 19:40:57.196213"]]
  [1m[35m (2.6ms)[0m  [1m[35mCOMMIT[0m
  [1m[36mUser Load (3.1ms)[0m  [1m[34mSELECT "users".* FROM "users"[0m
Started GET "/users" for ::1 at 2021-09-15 15:43:13 -0400
  [1m[35m (1.6ms)[0m  [1m[34mSELECT "schema_migrations"."version" FROM "schema_migrations" ORDER BY "schema_migrations"."version" ASC[0m
  ↳ /Users/reggie/.rbenv/versions/2.5.1/lib/ruby/gems/2.5.0/gems/activerecord-5.2.6/lib/active_record/log_subscriber.rb:98
Processing by UsersController#index as */*
Completed 200 OK in 33ms (Views: 1.5ms | ActiveRecord: 0.0ms)


Started GET "/users" for ::1 at 2021-09-15 15:44:16 -0400
Processing by UsersController#index as */*
  [1m[36mUser Load (2.1ms)[0m  [1m[34mSELECT "users".* FROM "users"[0m
  ↳ app/controllers/users_controller.rb:7
Completed 200 OK in 678ms (Views: 324.3ms | ActiveRecord: 21.9ms)


Started POST "/users?name=Banana&email=banana@fruitbasket.com" for ::1 at 2021-09-15 15:47:46 -0400
Processing by UsersController#create as */*
  Parameters: {"name"=>"Banana", "email"=>"banana@fruitbasket.com"}
Completed 500 Internal Server Error in 80ms (ActiveRecord: 0.0ms)



NoMethodError - undefined method `rquire' for #<ActionController::Parameters:0x00007fb731448578>
Did you mean?  require
               required:
  app/controllers/users_controller.rb:14:in `create'

Started POST "/users?name=Banana&email=banana@fruitbasket.com" for ::1 at 2021-09-15 15:48:01 -0400
Processing by UsersController#create as */*
  Parameters: {"name"=>"Banana", "email"=>"banana@fruitbasket.com"}
Completed 400 Bad Request in 27ms (ActiveRecord: 0.0ms)



ActionController::ParameterMissing - param is missing or the value is empty: user:
  app/controllers/users_controller.rb:14:in `create'

Started POST "/users?name=Banana&email=banana@fruitbasket.com" for ::1 at 2021-09-15 15:49:32 -0400
Processing by UsersController#create as */*
  Parameters: {"name"=>"Banana", "email"=>"banana@fruitbasket.com"}
Completed 400 Bad Request in 61ms (ActiveRecord: 0.0ms)



ActionController::ParameterMissing - param is missing or the value is empty: user:
  app/controllers/users_controller.rb:14:in `create'

Started POST "/users?name=Banana,%20banana@fruitbasket.com" for ::1 at 2021-09-15 15:50:07 -0400
Processing by UsersController#create as */*
  Parameters: {"name"=>"Banana, banana@fruitbasket.com"}
Completed 400 Bad Request in 2ms (ActiveRecord: 0.0ms)



ActionController::ParameterMissing - param is missing or the value is empty: user:
  app/controllers/users_controller.rb:14:in `create'

Started POST "/users?name=Banana" for ::1 at 2021-09-15 15:51:50 -0400
Processing by UsersController#create as */*
  Parameters: {"name"=>"Banana"}
Completed 400 Bad Request in 308ms (ActiveRecord: 0.0ms)



ActionController::ParameterMissing - param is missing or the value is empty: user:
  app/controllers/users_controller.rb:14:in `create'

Started POST "/users?name=Banana&email=banana@fruitbasket.com" for ::1 at 2021-09-15 15:53:11 -0400
Processing by UsersController#create as */*
  Parameters: {"name"=>"Banana", "email"=>"banana@fruitbasket.com"}
Completed 400 Bad Request in 2ms (ActiveRecord: 0.0ms)



ActionController::ParameterMissing - param is missing or the value is empty: user:
  app/controllers/users_controller.rb:14:in `create'

Started POST "/users" for ::1 at 2021-09-15 15:54:09 -0400
Processing by UsersController#create as */*
  Parameters: {"name"=>"Banana", "email"=>"banana@fruitbasket.com"}
Completed 400 Bad Request in 2ms (ActiveRecord: 0.0ms)



ActionController::ParameterMissing - param is missing or the value is empty: user:
  app/controllers/users_controller.rb:14:in `create'

Started POST "/users" for ::1 at 2021-09-15 15:56:29 -0400
Processing by UsersController#create as */*
  Parameters: {"user"=>{"name"=>"Banana", "email"=>"banana@fruitbasket.com"}}
Unpermitted parameter: :email
  [1m[35m (0.3ms)[0m  [1m[35mBEGIN[0m
  ↳ app/controllers/users_controller.rb:15
  [1m[35m (5.3ms)[0m  [1m[31mROLLBACK[0m
  ↳ app/controllers/users_controller.rb:15
Completed 422 Unprocessable Entity in 156ms (ActiveRecord: 21.5ms)



ActiveRecord::RecordInvalid - Validation failed: Email can't be blank:
  app/controllers/users_controller.rb:15:in `create'

Started POST "/users?user[name]=Banana&user[email]=banana@gmail.com" for ::1 at 2021-09-15 15:57:25 -0400
Processing by UsersController#create as */*
  Parameters: {"user"=>{"name"=>"Banana", "email"=>"banana@gmail.com"}}
Unpermitted parameter: :email
  [1m[35m (1.4ms)[0m  [1m[35mBEGIN[0m
  ↳ app/controllers/users_controller.rb:15
  [1m[35m (10.7ms)[0m  [1m[31mROLLBACK[0m
  ↳ app/controllers/users_controller.rb:15
Completed 422 Unprocessable Entity in 39ms (ActiveRecord: 12.1ms)



ActiveRecord::RecordInvalid - Validation failed: Email can't be blank:
  app/controllers/users_controller.rb:15:in `create'

Started POST "/users?user[name]=Banana&user[email]=banana@gmail.com" for ::1 at 2021-09-15 15:58:00 -0400
Processing by UsersController#create as */*
  Parameters: {"user"=>{"name"=>"Banana", "email"=>"banana@gmail.com"}}
  [1m[35m (11.1ms)[0m  [1m[35mBEGIN[0m
  ↳ app/controllers/users_controller.rb:15
  [1m[36mUser Create (1.7ms)[0m  [1m[32mINSERT INTO "users" ("name", "email", "created_at", "updated_at") VALUES ($1, $2, $3, $4) RETURNING "id"[0m  [["name", "Banana"], ["email", "banana@gmail.com"], ["created_at", "2021-09-15 19:58:00.410325"], ["updated_at", "2021-09-15 19:58:00.410325"]]
  ↳ app/controllers/users_controller.rb:15
  [1m[35m (24.2ms)[0m  [1m[35mCOMMIT[0m
  ↳ app/controllers/users_controller.rb:15
Completed 200 OK in 98ms (Views: 1.8ms | ActiveRecord: 55.7ms)


  [1m[36mUser Load (1.1ms)[0m  [1m[34mSELECT "users".* FROM "users"[0m
Started POST "/users?user[name]=Apple" for ::1 at 2021-09-15 16:06:13 -0400
Processing by UsersController#create as */*
  Parameters: {"user"=>{"name"=>"Apple"}}
  [1m[35m (0.3ms)[0m  [1m[35mBEGIN[0m
  ↳ app/controllers/users_controller.rb:15
  [1m[35m (1.0ms)[0m  [1m[31mROLLBACK[0m
  ↳ app/controllers/users_controller.rb:15
Completed 422 Unprocessable Entity in 104ms (Views: 0.4ms | ActiveRecord: 39.1ms)


Started GET "/users/1" for ::1 at 2021-09-15 16:13:50 -0400
Processing by UsersController#show as */*
  Parameters: {"id"=>"1"}
  [1m[36mUser Load (1.1ms)[0m  [1m[34mSELECT  "users".* FROM "users" WHERE "users"."id" = $1 LIMIT $2[0m  [["id", 1], ["LIMIT", 1]]
  ↳ app/controllers/users_controller.rb:24
Completed 200 OK in 91ms (Views: 1.6ms | ActiveRecord: 40.7ms)


Started PATCH "/users/3?user[name]=Pear&user[email]=pear@gmail.com" for ::1 at 2021-09-15 16:17:04 -0400
Processing by UsersController#update as */*
  Parameters: {"user"=>{"name"=>"Pear", "email"=>"pear@gmail.com"}, "id"=>"3"}
  [1m[36mUser Load (1.3ms)[0m  [1m[34mSELECT  "users".* FROM "users" WHERE "users"."id" = $1 LIMIT $2[0m  [["id", 3], ["LIMIT", 1]]
  ↳ app/controllers/users_controller.rb:29
  [1m[35m (2.0ms)[0m  [1m[35mBEGIN[0m
  ↳ app/controllers/users_controller.rb:30
  [1m[36mUser Update (12.8ms)[0m  [1m[33mUPDATE "users" SET "name" = $1, "email" = $2, "updated_at" = $3 WHERE "users"."id" = $4[0m  [["name", "Pear"], ["email", "pear@gmail.com"], ["updated_at", "2021-09-15 20:17:04.743691"], ["id", 3]]
  ↳ app/controllers/users_controller.rb:30
  [1m[35m (7.0ms)[0m  [1m[35mCOMMIT[0m
  ↳ app/controllers/users_controller.rb:30
Completed 500 Internal Server Error in 2074ms (ActiveRecord: 23.1ms)



NameError - undefined local variable or method `redirect' for #<UsersController:0x00007fb73702f788>
Did you mean?  redirect_to:
  app/controllers/users_controller.rb:31:in `update'

Started PATCH "/users/3?user[name]=Pear&user[email]=pear@gmail.com" for ::1 at 2021-09-15 16:17:54 -0400
Processing by UsersController#update as */*
  Parameters: {"user"=>{"name"=>"Pear", "email"=>"pear@gmail.com"}, "id"=>"3"}
  [1m[36mUser Load (6.0ms)[0m  [1m[34mSELECT  "users".* FROM "users" WHERE "users"."id" = $1 LIMIT $2[0m  [["id", 3], ["LIMIT", 1]]
  ↳ app/controllers/users_controller.rb:29
  [1m[35m (1.0ms)[0m  [1m[35mBEGIN[0m
  ↳ app/controllers/users_controller.rb:30
  [1m[35m (1.6ms)[0m  [1m[35mCOMMIT[0m
  ↳ app/controllers/users_controller.rb:30
Completed 500 Internal Server Error in 957ms (ActiveRecord: 40.2ms)



NoMethodError - undefined method `redirect_to_user_url' for #<UsersController:0x00007fb7325d1128>
Did you mean?  redirect_to:
  app/controllers/users_controller.rb:31:in `update'

Started PATCH "/users/3?user[name]=Pear&user[email]=pear@gmail.com" for ::1 at 2021-09-15 16:18:17 -0400
Processing by UsersController#update as */*
  Parameters: {"user"=>{"name"=>"Pear", "email"=>"pear@gmail.com"}, "id"=>"3"}
  [1m[36mUser Load (1.2ms)[0m  [1m[34mSELECT  "users".* FROM "users" WHERE "users"."id" = $1 LIMIT $2[0m  [["id", 3], ["LIMIT", 1]]
  ↳ app/controllers/users_controller.rb:29
  [1m[35m (1.1ms)[0m  [1m[35mBEGIN[0m
  ↳ app/controllers/users_controller.rb:30
  [1m[35m (0.4ms)[0m  [1m[35mCOMMIT[0m
  ↳ app/controllers/users_controller.rb:30
Redirected to http://localhost:3000/users.3
Completed 302 Found in 130ms (ActiveRecord: 24.1ms)


Started GET "/users.3" for ::1 at 2021-09-15 16:18:17 -0400
Processing by UsersController#index as 
  [1m[36mUser Load (0.8ms)[0m  [1m[34mSELECT "users".* FROM "users"[0m
  ↳ app/controllers/users_controller.rb:7
Completed 200 OK in 12ms (Views: 10.4ms | ActiveRecord: 0.8ms)


Started DELETE "/users/3?user[name]=Pear&user[email]=pear@gmail.com" for ::1 at 2021-09-15 16:19:23 -0400
Processing by UsersController#destroy as */*
  Parameters: {"user"=>{"name"=>"Pear", "email"=>"pear@gmail.com"}, "id"=>"3"}
  [1m[36mUser Load (0.8ms)[0m  [1m[34mSELECT  "users".* FROM "users" WHERE "users"."id" = $1 LIMIT $2[0m  [["id", 3], ["LIMIT", 1]]
  ↳ app/controllers/users_controller.rb:38
  [1m[35m (0.7ms)[0m  [1m[35mBEGIN[0m
  ↳ app/controllers/users_controller.rb:39
  [1m[36mUser Destroy (4.5ms)[0m  [1m[31mDELETE FROM "users" WHERE "users"."id" = $1[0m  [["id", 3]]
  ↳ app/controllers/users_controller.rb:39
  [1m[35m (1.6ms)[0m  [1m[35mCOMMIT[0m
  ↳ app/controllers/users_controller.rb:39
Completed 500 Internal Server Error in 1998ms (ActiveRecord: 7.5ms)



NameError - undefined local variable or method `redirect_to_user_url' for #<UsersController:0x00007fb730c42b30>
Did you mean?  redirect_to:
  app/controllers/users_controller.rb:41:in `destroy'

Started DELETE "/users/3?user[name]=Pear&user[email]=pear@gmail.com" for ::1 at 2021-09-15 16:19:44 -0400
Processing by UsersController#destroy as */*
  Parameters: {"user"=>{"name"=>"Pear", "email"=>"pear@gmail.com"}, "id"=>"3"}
  [1m[36mUser Load (1.2ms)[0m  [1m[34mSELECT  "users".* FROM "users" WHERE "users"."id" = $1 LIMIT $2[0m  [["id", 3], ["LIMIT", 1]]
  ↳ app/controllers/users_controller.rb:38
Completed 404 Not Found in 248ms (ActiveRecord: 37.8ms)



ActiveRecord::RecordNotFound - Couldn't find User with 'id'=3:
  app/controllers/users_controller.rb:38:in `destroy'

  [1m[36mUser Load (2.1ms)[0m  [1m[34mSELECT "users".* FROM "users"[0m
